<?xml version="1.0" encoding="UTF-8"?>
<!-- Generated by org.testng.reporters.JUnitXMLReporter -->
<testsuite ignored="78" hostname="LTIN373324" failures="2" tests="40" name="edgeTest" time="76.961" errors="0" timestamp="2024-03-20T21:26:14 IST">
  <testcase classname="testCases.TC_1_01_ParsingRequiredValuesToTheRespectiveFields" name="parseDatas" time="1.534"/>
  <testcase classname="testCases.TC_1_02_DisplayingTheEMIPaymentTable" name="displayResult" time="1.5"/>
  <testcase classname="testCases.TC_2_01_StoringTheYearTableInTheExcel" name="storeTable" time="7.318"/>
  <testcase classname="testCases.TC_3_01_EMICalculator_ValidatingLoanAmountTextBox" name="validateLoanAmountTextBox" time="1.394"/>
  <testcase classname="testCases.TC_3_02_EMICalculator_ValidatingLoanAmountSlider" name="validateLoanAmountSlider" time="0.816"/>
  <testcase classname="testCases.TC_3_03_EMICalculator_IntegressionTestingForLoanAmountTextBoxAndSlider" name="validatingDataFlowBetweenLoanAmountSliderAndTextBox" time="1.682"/>
  <testcase classname="testCases.TC_3_04_EMICalculator_ValidatingInterestRateTextBox" name="validateInterestRateTextBox" time="1.035"/>
  <testcase classname="testCases.TC_3_05_EMICalculator_ValidatingInterestRateSlider" name="validateInterestRateSlider" time="0.879"/>
  <testcase classname="testCases.TC_3_06_EMICalculator_IntegressionTestingForInterestRateTextBoxAndSlider" name="validatingDataFlowBetweenInterestRateSliderAndTextBox" time="1.781"/>
  <testcase classname="testCases.TC_3_07_EMICalculator_ValidatingLoanTenureTextBox" name="validateLoanTenureTextBox" time="0.932"/>
  <testcase classname="testCases.TC_3_08_EMICalculator_ValidatingLoanTenureSlider" name="validateLoanTenureSlider" time="1.203"/>
  <testcase classname="testCases.TC_3_09_EMICalculator_IntegressionTestingForLoanTenureTextBoxAndSlider" name="validatingDataFlowBetweenLoanTenureSliderAndTextBox" time="1.774"/>
  <testcase classname="testCases.TC_3_10_EMICalculator_ValidatingFeesAndChargesTextBox" name="validateFeesAndChargesTextBox" time="1.182"/>
  <testcase classname="testCases.TC_3_11_EMICalculator_ValidatingFeesAndChargesSlider" name="validateFeesAndChargesSlider" time="1.262"/>
  <testcase classname="testCases.TC_3_12_EMICalculator_IntegressionTestingForFeesAndChargesTextBoxAndSlider" name="validatingDataFlowBetweenFeesAndChargesSliderAndTextBox" time="2.846"/>
  <testcase classname="testCases.TC_3_13_LoanAmtCalculator_ValidatingEMITextBox" name="validatingValidatingEMITextBox" time="0.971"/>
  <testcase classname="testCases.TC_3_14_LoanAmtCalculator_ValidatingEMISlider" name="validatingEMISlider" time="0.852"/>
  <testcase classname="testCases.TC_3_15_LoanAmtCalculator_IntegressionTestingForEMITextBoxAndSlider" name="validatingDataFlowBetweenEMISliderAndTextBox" time="2.614">
    <failure type="java.lang.AssertionError" message="null">
      <![CDATA[java.lang.AssertionError: null
at utilities.Assertions.fail(Assertions.java:13)
at testCases.TC_3_15_LoanAmtCalculator_IntegressionTestingForEMITextBoxAndSlider.validatingDataFlowBetweenEMISliderAndTextBox(TC_3_15_LoanAmtCalculator_IntegressionTestingForEMITextBoxAndSlider.java:49)
at java.base/java.util.ArrayList.forEach(ArrayList.java:1511)
... Removed 29 stack frames]]>
    </failure>
  </testcase> <!-- validatingDataFlowBetweenEMISliderAndTextBox -->
  <testcase classname="testCases.TC_3_16_LoanAmtCalculator_ValidatingInterestRateTextBox" name="validateInterestRateTextBox" time="1.296"/>
  <testcase classname="testCases.TC_3_17_LoanAmtCalculator_ValidatingInterestRateSlider" name="validatingDataFlowBetweenInterestRateSliderAndTextBox" time="1.042"/>
  <testcase classname="testCases.TC_3_18_LoanAmtCalculator_IntegressionTestingForInterestRateTextBoxAndSlider" name="validatingDataFlowBetweenInterestRateSliderAndTextBox" time="1.909"/>
  <testcase classname="testCases.TC_3_19_LoanAmtCalculator_ValidatingLoanTenureTextBox" name="validateLoanTenureTextBox" time="1.091"/>
  <testcase classname="testCases.TC_3_20_LoanAmtCalculator_ValidatingLoanTenureSlider" name="validateLoanTenureSlider" time="1.155"/>
  <testcase classname="testCases.TC_3_21_LoanAmtCalculator_IntegressionTestingForLoanTenureTextBoxAndSlider" name="validatingDataFlowBetweenLoanTenureSliderAndTextBox" time="1.834"/>
  <testcase classname="testCases.TC_3_22_LoanAmtCalculator_ValidatingFeesAndChargesTextBox" name="validateFeesAndChargesTextBox" time="1.158"/>
  <testcase classname="testCases.TC_3_23_LoanAmtCalculator_ValidatingFeesAndChargesSlider" name="validateFeesAndChargesSlider" time="0.779"/>
  <testcase classname="testCases.TC_3_24_LoanAmtCalculator_IntegressionTestingForFeesAndChargesTextBoxAndSlider" name="validatingDataFlowBetweenFeesAndChargesSliderAndTextBox" time="1.906"/>
  <testcase classname="testCases.TC_3_25_LoanTenureCalculator_ValidatingLoanAmountTextBox" name="validateLoanAmountTextBox" time="1.026"/>
  <testcase classname="testCases.TC_3_26_LoanTenureCalculator_ValidatingLoanAmountSlider" name="validateLoanAmountSlider" time="1.463"/>
  <testcase classname="testCases.TC_3_27_LoanTenureCalculator_IntegressionTestingForLoanAmountTextBoxAndSlider" name="validatingDataFlowBetweenLoanAmountSliderAndTextBox" time="2.042"/>
  <testcase classname="testCases.TC_3_28_LoanTenureCalculator_ValidatingEMITextBox" name="validatingValidatingEMITextBox" time="0.936"/>
  <testcase classname="testCases.TC_3_29_LoanTenureCalculator_ValidatingEMISlider" name="validatingEMISlider" time="1.098"/>
  <testcase classname="testCases.TC_3_30_LoanTenureCalculator_IntegressionTestingForEMITextBoxAndSlider" name="validatingDataFlowBetweenEMISliderAndTextBox" time="2.122">
    <failure type="java.lang.AssertionError" message="null">
      <![CDATA[java.lang.AssertionError: null
at utilities.Assertions.fail(Assertions.java:13)
at testCases.TC_3_30_LoanTenureCalculator_IntegressionTestingForEMITextBoxAndSlider.validatingDataFlowBetweenEMISliderAndTextBox(TC_3_30_LoanTenureCalculator_IntegressionTestingForEMITextBoxAndSlider.java:49)
at java.base/java.util.ArrayList.forEach(ArrayList.java:1511)
... Removed 29 stack frames]]>
    </failure>
  </testcase> <!-- validatingDataFlowBetweenEMISliderAndTextBox -->
  <testcase classname="testCases.TC_3_31_LoanTenureCalculator_ValidatingInterestRateTextBox" name="validateInterestRateTextBox" time="1.761"/>
  <testcase classname="testCases.TC_3_32_LoanTenureCalculator_ValidatingInterestRateSlider" name="validatingInterestRateSlider" time="0.867"/>
  <testcase classname="testCases.TC_3_33_LoanTenureCalculator_IntegressionTestingForInterestRateTextBoxAndSlider" name="validateDataFlowBetweenInterestRateSliderAndTextBox" time="2.073"/>
  <testcase classname="testCases.TC_3_34_LoanTenureCalculator_ValidatingFeesAndChargesTextBox" name="validateFeesAndChargesTextBox" time="1.01"/>
  <testcase classname="testCases.TC_3_35_LoanTenureCalculator_ValidatingFeesAndChargesSlider" name="validateFeesAndChargesSlider" time="0.928"/>
  <testcase classname="testCases.TC_3_36_LoanTenure_CalculatorIntegressionTestingForFeesAndChargesTextBoxAndSlider" name="validatingDataFlowBetweenFeesAndChargesSliderAndTextBox" time="2.25"/>
  <testcase classname="testCases.TC_3_37_IntegrationTestingForYearAndMonthOption" name="validatingDataFlowBetweenYearAndMonthButton" time="2.238"/>
  <testcase classname="testBase.BaseClass" name="@BeforeTest setUp" time="0.0">
    <ignored/>
  </testcase> <!-- @BeforeTest setUp -->
  <testcase classname="testBase.BaseClass" name="@BeforeTest setUp" time="0.0">
    <ignored/>
  </testcase> <!-- @BeforeTest setUp -->
  <testcase classname="testBase.BaseClass" name="@AfterTest tearDown" time="0.0">
    <ignored/>
  </testcase> <!-- @AfterTest tearDown -->
  <testcase classname="testBase.BaseClass" name="@AfterTest tearDown" time="0.0">
    <ignored/>
  </testcase> <!-- @AfterTest tearDown -->
  <testcase classname="testBase.BaseClass" name="@AfterTest tearDown" time="0.0">
    <ignored/>
  </testcase> <!-- @AfterTest tearDown -->
  <testcase classname="testBase.BaseClass" name="@BeforeTest setUp" time="0.0">
    <ignored/>
  </testcase> <!-- @BeforeTest setUp -->
  <testcase classname="testBase.BaseClass" name="@AfterTest tearDown" time="0.0">
    <ignored/>
  </testcase> <!-- @AfterTest tearDown -->
  <testcase classname="testBase.BaseClass" name="@BeforeTest setUp" time="0.0">
    <ignored/>
  </testcase> <!-- @BeforeTest setUp -->
  <testcase classname="testBase.BaseClass" name="@AfterTest tearDown" time="0.0">
    <ignored/>
  </testcase> <!-- @AfterTest tearDown -->
  <testcase classname="testBase.BaseClass" name="@AfterTest tearDown" time="0.0">
    <ignored/>
  </testcase> <!-- @AfterTest tearDown -->
  <testcase classname="testBase.BaseClass" name="@AfterTest tearDown" time="0.0">
    <ignored/>
  </testcase> <!-- @AfterTest tearDown -->
  <testcase classname="testBase.BaseClass" name="@AfterTest tearDown" time="0.0">
    <ignored/>
  </testcase> <!-- @AfterTest tearDown -->
  <testcase classname="testBase.BaseClass" name="@BeforeTest setUp" time="0.0">
    <ignored/>
  </testcase> <!-- @BeforeTest setUp -->
  <testcase classname="testBase.BaseClass" name="@BeforeTest setUp" time="0.0">
    <ignored/>
  </testcase> <!-- @BeforeTest setUp -->
  <testcase classname="testBase.BaseClass" name="@BeforeTest setUp" time="0.0">
    <ignored/>
  </testcase> <!-- @BeforeTest setUp -->
  <testcase classname="testBase.BaseClass" name="@AfterTest tearDown" time="0.0">
    <ignored/>
  </testcase> <!-- @AfterTest tearDown -->
  <testcase classname="testBase.BaseClass" name="@BeforeTest setUp" time="0.0">
    <ignored/>
  </testcase> <!-- @BeforeTest setUp -->
  <testcase classname="testBase.BaseClass" name="@AfterTest tearDown" time="0.0">
    <ignored/>
  </testcase> <!-- @AfterTest tearDown -->
  <testcase classname="testBase.BaseClass" name="@AfterTest tearDown" time="0.0">
    <ignored/>
  </testcase> <!-- @AfterTest tearDown -->
  <testcase classname="testBase.BaseClass" name="@BeforeTest setUp" time="0.0">
    <ignored/>
  </testcase> <!-- @BeforeTest setUp -->
  <testcase classname="testBase.BaseClass" name="@BeforeTest setUp" time="0.0">
    <ignored/>
  </testcase> <!-- @BeforeTest setUp -->
  <testcase classname="testBase.BaseClass" name="@AfterTest tearDown" time="0.0">
    <ignored/>
  </testcase> <!-- @AfterTest tearDown -->
  <testcase classname="testBase.BaseClass" name="@BeforeTest setUp" time="0.0">
    <ignored/>
  </testcase> <!-- @BeforeTest setUp -->
  <testcase classname="testBase.BaseClass" name="@BeforeTest setUp" time="0.0">
    <ignored/>
  </testcase> <!-- @BeforeTest setUp -->
  <testcase classname="testBase.BaseClass" name="@AfterTest tearDown" time="0.0">
    <ignored/>
  </testcase> <!-- @AfterTest tearDown -->
  <testcase classname="testBase.BaseClass" name="@BeforeTest setUp" time="0.0">
    <ignored/>
  </testcase> <!-- @BeforeTest setUp -->
  <testcase classname="testBase.BaseClass" name="@BeforeTest setUp" time="0.0">
    <ignored/>
  </testcase> <!-- @BeforeTest setUp -->
  <testcase classname="testBase.BaseClass" name="@AfterTest tearDown" time="0.0">
    <ignored/>
  </testcase> <!-- @AfterTest tearDown -->
  <testcase classname="testBase.BaseClass" name="@AfterTest tearDown" time="0.0">
    <ignored/>
  </testcase> <!-- @AfterTest tearDown -->
  <testcase classname="testBase.BaseClass" name="@BeforeTest setUp" time="0.0">
    <ignored/>
  </testcase> <!-- @BeforeTest setUp -->
  <testcase classname="testBase.BaseClass" name="@BeforeTest setUp" time="0.0">
    <ignored/>
  </testcase> <!-- @BeforeTest setUp -->
  <testcase classname="testBase.BaseClass" name="@BeforeTest setUp" time="0.0">
    <ignored/>
  </testcase> <!-- @BeforeTest setUp -->
  <testcase classname="testBase.BaseClass" name="@BeforeTest setUp" time="0.0">
    <ignored/>
  </testcase> <!-- @BeforeTest setUp -->
  <testcase classname="testBase.BaseClass" name="@AfterTest tearDown" time="0.0">
    <ignored/>
  </testcase> <!-- @AfterTest tearDown -->
  <testcase classname="testBase.BaseClass" name="@BeforeTest setUp" time="0.0">
    <ignored/>
  </testcase> <!-- @BeforeTest setUp -->
  <testcase classname="testBase.BaseClass" name="@BeforeTest setUp" time="0.0">
    <ignored/>
  </testcase> <!-- @BeforeTest setUp -->
  <testcase classname="testBase.BaseClass" name="@BeforeTest setUp" time="0.0">
    <ignored/>
  </testcase> <!-- @BeforeTest setUp -->
  <testcase classname="testBase.BaseClass" name="@AfterTest tearDown" time="0.0">
    <ignored/>
  </testcase> <!-- @AfterTest tearDown -->
  <testcase classname="testBase.BaseClass" name="@AfterTest tearDown" time="0.0">
    <ignored/>
  </testcase> <!-- @AfterTest tearDown -->
  <testcase classname="testBase.BaseClass" name="@BeforeTest setUp" time="0.0">
    <ignored/>
  </testcase> <!-- @BeforeTest setUp -->
  <testcase classname="testBase.BaseClass" name="@AfterTest tearDown" time="0.0">
    <ignored/>
  </testcase> <!-- @AfterTest tearDown -->
  <testcase classname="testBase.BaseClass" name="@AfterTest tearDown" time="0.0">
    <ignored/>
  </testcase> <!-- @AfterTest tearDown -->
  <testcase classname="testBase.BaseClass" name="@AfterTest tearDown" time="0.0">
    <ignored/>
  </testcase> <!-- @AfterTest tearDown -->
  <testcase classname="testBase.BaseClass" name="@BeforeTest setUp" time="0.0">
    <ignored/>
  </testcase> <!-- @BeforeTest setUp -->
  <testcase classname="testBase.BaseClass" name="@BeforeTest setUp" time="0.0">
    <ignored/>
  </testcase> <!-- @BeforeTest setUp -->
  <testcase classname="testBase.BaseClass" name="@BeforeTest setUp" time="0.0">
    <ignored/>
  </testcase> <!-- @BeforeTest setUp -->
  <testcase classname="testBase.BaseClass" name="@BeforeTest setUp" time="0.0">
    <ignored/>
  </testcase> <!-- @BeforeTest setUp -->
  <testcase classname="testBase.BaseClass" name="@BeforeTest setUp" time="0.0">
    <ignored/>
  </testcase> <!-- @BeforeTest setUp -->
  <testcase classname="testBase.BaseClass" name="@BeforeTest setUp" time="0.0">
    <ignored/>
  </testcase> <!-- @BeforeTest setUp -->
  <testcase classname="testBase.BaseClass" name="@BeforeTest setUp" time="0.0">
    <ignored/>
  </testcase> <!-- @BeforeTest setUp -->
  <testcase classname="testBase.BaseClass" name="@BeforeTest setUp" time="0.0">
    <ignored/>
  </testcase> <!-- @BeforeTest setUp -->
  <testcase classname="testBase.BaseClass" name="@AfterTest tearDown" time="0.0">
    <ignored/>
  </testcase> <!-- @AfterTest tearDown -->
  <testcase classname="testBase.BaseClass" name="@BeforeTest setUp" time="0.0">
    <ignored/>
  </testcase> <!-- @BeforeTest setUp -->
  <testcase classname="testBase.BaseClass" name="@AfterTest tearDown" time="0.0">
    <ignored/>
  </testcase> <!-- @AfterTest tearDown -->
  <testcase classname="testBase.BaseClass" name="@BeforeTest setUp" time="0.0">
    <ignored/>
  </testcase> <!-- @BeforeTest setUp -->
  <testcase classname="testBase.BaseClass" name="@BeforeTest setUp" time="0.0">
    <ignored/>
  </testcase> <!-- @BeforeTest setUp -->
  <testcase classname="testBase.BaseClass" name="@AfterTest tearDown" time="0.0">
    <ignored/>
  </testcase> <!-- @AfterTest tearDown -->
  <testcase classname="testBase.BaseClass" name="@AfterTest tearDown" time="0.0">
    <ignored/>
  </testcase> <!-- @AfterTest tearDown -->
  <testcase classname="testBase.BaseClass" name="@BeforeTest setUp" time="0.0">
    <ignored/>
  </testcase> <!-- @BeforeTest setUp -->
  <testcase classname="testBase.BaseClass" name="@BeforeTest setUp" time="0.0">
    <ignored/>
  </testcase> <!-- @BeforeTest setUp -->
  <testcase classname="testBase.BaseClass" name="@AfterTest tearDown" time="0.0">
    <ignored/>
  </testcase> <!-- @AfterTest tearDown -->
  <testcase classname="testBase.BaseClass" name="@AfterTest tearDown" time="0.0">
    <ignored/>
  </testcase> <!-- @AfterTest tearDown -->
  <testcase classname="testBase.BaseClass" name="@BeforeTest setUp" time="0.0">
    <ignored/>
  </testcase> <!-- @BeforeTest setUp -->
  <testcase classname="testBase.BaseClass" name="@AfterTest tearDown" time="0.0">
    <ignored/>
  </testcase> <!-- @AfterTest tearDown -->
  <testcase classname="testBase.BaseClass" name="@AfterTest tearDown" time="0.0">
    <ignored/>
  </testcase> <!-- @AfterTest tearDown -->
  <testcase classname="testBase.BaseClass" name="@AfterTest tearDown" time="0.0">
    <ignored/>
  </testcase> <!-- @AfterTest tearDown -->
  <testcase classname="testBase.BaseClass" name="@AfterTest tearDown" time="0.0">
    <ignored/>
  </testcase> <!-- @AfterTest tearDown -->
  <testcase classname="testBase.BaseClass" name="@BeforeTest setUp" time="0.0">
    <ignored/>
  </testcase> <!-- @BeforeTest setUp -->
  <testcase classname="testBase.BaseClass" name="@BeforeTest setUp" time="0.0">
    <ignored/>
  </testcase> <!-- @BeforeTest setUp -->
  <testcase classname="testBase.BaseClass" name="@AfterTest tearDown" time="0.0">
    <ignored/>
  </testcase> <!-- @AfterTest tearDown -->
  <testcase classname="testBase.BaseClass" name="@AfterTest tearDown" time="0.0">
    <ignored/>
  </testcase> <!-- @AfterTest tearDown -->
  <testcase classname="testBase.BaseClass" name="@AfterTest tearDown" time="0.0">
    <ignored/>
  </testcase> <!-- @AfterTest tearDown -->
  <testcase classname="testBase.BaseClass" name="@AfterTest tearDown" time="0.0">
    <ignored/>
  </testcase> <!-- @AfterTest tearDown -->
  <testcase classname="testBase.BaseClass" name="@BeforeTest setUp" time="0.0">
    <ignored/>
  </testcase> <!-- @BeforeTest setUp -->
  <testcase classname="testBase.BaseClass" name="@AfterTest tearDown" time="0.0">
    <ignored/>
  </testcase> <!-- @AfterTest tearDown -->
  <testcase classname="testBase.BaseClass" name="@AfterTest tearDown" time="0.0">
    <ignored/>
  </testcase> <!-- @AfterTest tearDown -->
  <testcase classname="testBase.BaseClass" name="@AfterTest tearDown" time="0.0">
    <ignored/>
  </testcase> <!-- @AfterTest tearDown -->
  <testcase classname="testBase.BaseClass" name="@AfterTest tearDown" time="0.0">
    <ignored/>
  </testcase> <!-- @AfterTest tearDown -->
</testsuite> <!-- edgeTest -->
