<?xml version="1.0" encoding="UTF-8"?>
<!-- Generated by org.testng.reporters.JUnitXMLReporter -->
<testsuite ignored="78" hostname="LTIN181379" failures="2" tests="40" name="Test" time="106.158" errors="0" timestamp="2024-03-27T10:26:22 IST">
  <testcase classname="testCases.TC_1_01_ParsingRequiredValuesToTheRespectiveFields" name="parseDatas" time="1.86"/>
  <testcase classname="testCases.TC_1_02_DisplayingTheEMIPaymentTable" name="displayResult" time="2.552"/>
  <testcase classname="testCases.TC_2_01_StoringTheYearTableInTheExcel" name="storeTable" time="10.145"/>
  <testcase classname="testCases.TC_3_01_EMICalculator_ValidatingLoanAmountTextBox" name="validateLoanAmountTextBox" time="2.375"/>
  <testcase classname="testCases.TC_3_02_EMICalculator_ValidatingLoanAmountSlider" name="validateLoanAmountSlider" time="0.974"/>
  <testcase classname="testCases.TC_3_03_EMICalculator_IntegressionTestingForLoanAmountTextBoxAndSlider" name="validatingDataFlowBetweenLoanAmountSliderAndTextBox" time="1.939"/>
  <testcase classname="testCases.TC_3_04_EMICalculator_ValidatingInterestRateTextBox" name="validateInterestRateTextBox" time="0.933"/>
  <testcase classname="testCases.TC_3_05_EMICalculator_ValidatingInterestRateSlider" name="validateInterestRateSlider" time="0.955"/>
  <testcase classname="testCases.TC_3_06_EMICalculator_IntegressionTestingForInterestRateTextBoxAndSlider" name="validatingDataFlowBetweenInterestRateSliderAndTextBox" time="2.173"/>
  <testcase classname="testCases.TC_3_07_EMICalculator_ValidatingLoanTenureTextBox" name="validateLoanTenureTextBox" time="0.998"/>
  <testcase classname="testCases.TC_3_08_EMICalculator_ValidatingLoanTenureSlider" name="validateLoanTenureSlider" time="1.018"/>
  <testcase classname="testCases.TC_3_09_EMICalculator_IntegressionTestingForLoanTenureTextBoxAndSlider" name="validatingDataFlowBetweenLoanTenureSliderAndTextBox" time="1.925"/>
  <testcase classname="testCases.TC_3_10_EMICalculator_ValidatingFeesAndChargesTextBox" name="validateFeesAndChargesTextBox" time="1.002"/>
  <testcase classname="testCases.TC_3_11_EMICalculator_ValidatingFeesAndChargesSlider" name="validateFeesAndChargesSlider" time="1.066"/>
  <testcase classname="testCases.TC_3_12_EMICalculator_IntegressionTestingForFeesAndChargesTextBoxAndSlider" name="validatingDataFlowBetweenFeesAndChargesSliderAndTextBox" time="1.949"/>
  <testcase classname="testCases.TC_3_13_LoanAmtCalculator_ValidatingEMITextBox" name="validatingValidatingEMITextBox" time="1.301"/>
  <testcase classname="testCases.TC_3_14_LoanAmtCalculator_ValidatingEMISlider" name="validatingEMISlider" time="1.204"/>
  <testcase classname="testCases.TC_3_15_LoanAmtCalculator_IntegressionTestingForEMITextBoxAndSlider" name="validatingDataFlowBetweenEMISliderAndTextBox" time="2.163">
    <failure type="java.lang.AssertionError" message="null">
      <![CDATA[java.lang.AssertionError: null
at utilities.Assertions.fail(Assertions.java:13)
at testCases.TC_3_15_LoanAmtCalculator_IntegressionTestingForEMITextBoxAndSlider.validatingDataFlowBetweenEMISliderAndTextBox(TC_3_15_LoanAmtCalculator_IntegressionTestingForEMITextBoxAndSlider.java:54)
at java.base/java.util.ArrayList.forEach(ArrayList.java:1511)
... Removed 29 stack frames]]>
    </failure>
  </testcase> <!-- validatingDataFlowBetweenEMISliderAndTextBox -->
  <testcase classname="testCases.TC_3_16_LoanAmtCalculator_ValidatingInterestRateTextBox" name="validateInterestRateTextBox" time="1.476"/>
  <testcase classname="testCases.TC_3_17_LoanAmtCalculator_ValidatingInterestRateSlider" name="validatingDataFlowBetweenInterestRateSliderAndTextBox" time="1.106"/>
  <testcase classname="testCases.TC_3_18_LoanAmtCalculator_IntegressionTestingForInterestRateTextBoxAndSlider" name="validatingDataFlowBetweenInterestRateSliderAndTextBox" time="2.218"/>
  <testcase classname="testCases.TC_3_19_LoanAmtCalculator_ValidatingLoanTenureTextBox" name="validateLoanTenureTextBox" time="1.207"/>
  <testcase classname="testCases.TC_3_20_LoanAmtCalculator_ValidatingLoanTenureSlider" name="validateLoanTenureSlider" time="1.508"/>
  <testcase classname="testCases.TC_3_21_LoanAmtCalculator_IntegressionTestingForLoanTenureTextBoxAndSlider" name="validatingDataFlowBetweenLoanTenureSliderAndTextBox" time="2.566"/>
  <testcase classname="testCases.TC_3_22_LoanAmtCalculator_ValidatingFeesAndChargesTextBox" name="validateFeesAndChargesTextBox" time="1.314"/>
  <testcase classname="testCases.TC_3_23_LoanAmtCalculator_ValidatingFeesAndChargesSlider" name="validateFeesAndChargesSlider" time="1.392"/>
  <testcase classname="testCases.TC_3_24_LoanAmtCalculator_IntegressionTestingForFeesAndChargesTextBoxAndSlider" name="validatingDataFlowBetweenFeesAndChargesSliderAndTextBox" time="2.42"/>
  <testcase classname="testCases.TC_3_25_LoanTenureCalculator_ValidatingLoanAmountTextBox" name="validateLoanAmountTextBox" time="1.557"/>
  <testcase classname="testCases.TC_3_26_LoanTenureCalculator_ValidatingLoanAmountSlider" name="validateLoanAmountSlider" time="1.406"/>
  <testcase classname="testCases.TC_3_27_LoanTenureCalculator_IntegressionTestingForLoanAmountTextBoxAndSlider" name="validatingDataFlowBetweenLoanAmountSliderAndTextBox" time="12.677"/>
  <testcase classname="testCases.TC_3_28_LoanTenureCalculator_ValidatingEMITextBox" name="validatingValidatingEMITextBox" time="1.161"/>
  <testcase classname="testCases.TC_3_29_LoanTenureCalculator_ValidatingEMISlider" name="validatingEMISlider" time="1.933"/>
  <testcase classname="testCases.TC_3_30_LoanTenureCalculator_IntegressionTestingForEMITextBoxAndSlider" name="validatingDataFlowBetweenEMISliderAndTextBox" time="2.315">
    <failure type="java.lang.AssertionError" message="null">
      <![CDATA[java.lang.AssertionError: null
at utilities.Assertions.fail(Assertions.java:13)
at testCases.TC_3_30_LoanTenureCalculator_IntegressionTestingForEMITextBoxAndSlider.validatingDataFlowBetweenEMISliderAndTextBox(TC_3_30_LoanTenureCalculator_IntegressionTestingForEMITextBoxAndSlider.java:54)
at java.base/java.util.ArrayList.forEach(ArrayList.java:1511)
... Removed 29 stack frames]]>
    </failure>
  </testcase> <!-- validatingDataFlowBetweenEMISliderAndTextBox -->
  <testcase classname="testCases.TC_3_31_LoanTenureCalculator_ValidatingInterestRateTextBox" name="validateInterestRateTextBox" time="1.731"/>
  <testcase classname="testCases.TC_3_32_LoanTenureCalculator_ValidatingInterestRateSlider" name="validatingInterestRateSlider" time="1.465"/>
  <testcase classname="testCases.TC_3_33_LoanTenureCalculator_IntegressionTestingForInterestRateTextBoxAndSlider" name="validateDataFlowBetweenInterestRateSliderAndTextBox" time="2.511"/>
  <testcase classname="testCases.TC_3_34_LoanTenureCalculator_ValidatingFeesAndChargesTextBox" name="validateFeesAndChargesTextBox" time="1.096"/>
  <testcase classname="testCases.TC_3_35_LoanTenureCalculator_ValidatingFeesAndChargesSlider" name="validateFeesAndChargesSlider" time="1.207"/>
  <testcase classname="testCases.TC_3_36_LoanTenure_CalculatorIntegressionTestingForFeesAndChargesTextBoxAndSlider" name="validatingDataFlowBetweenFeesAndChargesSliderAndTextBox" time="2.782"/>
  <testcase classname="testCases.TC_3_37_IntegrationTestingForYearAndMonthOption" name="validatingDataFlowBetweenYearAndMonthButton" time="2.227"/>
  <testcase classname="testBase.BaseClass" name="@BeforeTest setUp" time="0.0">
    <ignored/>
  </testcase> <!-- @BeforeTest setUp -->
  <testcase classname="testBase.BaseClass" name="@AfterTest tearDown" time="0.0">
    <ignored/>
  </testcase> <!-- @AfterTest tearDown -->
  <testcase classname="testBase.BaseClass" name="@AfterTest tearDown" time="0.0">
    <ignored/>
  </testcase> <!-- @AfterTest tearDown -->
  <testcase classname="testBase.BaseClass" name="@AfterTest tearDown" time="0.0">
    <ignored/>
  </testcase> <!-- @AfterTest tearDown -->
  <testcase classname="testBase.BaseClass" name="@AfterTest tearDown" time="0.0">
    <ignored/>
  </testcase> <!-- @AfterTest tearDown -->
  <testcase classname="testBase.BaseClass" name="@AfterTest tearDown" time="0.0">
    <ignored/>
  </testcase> <!-- @AfterTest tearDown -->
  <testcase classname="testBase.BaseClass" name="@BeforeTest setUp" time="0.0">
    <ignored/>
  </testcase> <!-- @BeforeTest setUp -->
  <testcase classname="testBase.BaseClass" name="@BeforeTest setUp" time="0.0">
    <ignored/>
  </testcase> <!-- @BeforeTest setUp -->
  <testcase classname="testBase.BaseClass" name="@BeforeTest setUp" time="0.0">
    <ignored/>
  </testcase> <!-- @BeforeTest setUp -->
  <testcase classname="testBase.BaseClass" name="@BeforeTest setUp" time="0.0">
    <ignored/>
  </testcase> <!-- @BeforeTest setUp -->
  <testcase classname="testBase.BaseClass" name="@BeforeTest setUp" time="0.0">
    <ignored/>
  </testcase> <!-- @BeforeTest setUp -->
  <testcase classname="testBase.BaseClass" name="@AfterTest tearDown" time="0.0">
    <ignored/>
  </testcase> <!-- @AfterTest tearDown -->
  <testcase classname="testBase.BaseClass" name="@BeforeTest setUp" time="0.0">
    <ignored/>
  </testcase> <!-- @BeforeTest setUp -->
  <testcase classname="testBase.BaseClass" name="@AfterTest tearDown" time="0.0">
    <ignored/>
  </testcase> <!-- @AfterTest tearDown -->
  <testcase classname="testBase.BaseClass" name="@BeforeTest setUp" time="0.0">
    <ignored/>
  </testcase> <!-- @BeforeTest setUp -->
  <testcase classname="testBase.BaseClass" name="@BeforeTest setUp" time="0.0">
    <ignored/>
  </testcase> <!-- @BeforeTest setUp -->
  <testcase classname="testBase.BaseClass" name="@AfterTest tearDown" time="0.0">
    <ignored/>
  </testcase> <!-- @AfterTest tearDown -->
  <testcase classname="testBase.BaseClass" name="@AfterTest tearDown" time="0.0">
    <ignored/>
  </testcase> <!-- @AfterTest tearDown -->
  <testcase classname="testBase.BaseClass" name="@BeforeTest setUp" time="0.0">
    <ignored/>
  </testcase> <!-- @BeforeTest setUp -->
  <testcase classname="testBase.BaseClass" name="@AfterTest tearDown" time="0.0">
    <ignored/>
  </testcase> <!-- @AfterTest tearDown -->
  <testcase classname="testBase.BaseClass" name="@BeforeTest setUp" time="0.0">
    <ignored/>
  </testcase> <!-- @BeforeTest setUp -->
  <testcase classname="testBase.BaseClass" name="@AfterTest tearDown" time="0.0">
    <ignored/>
  </testcase> <!-- @AfterTest tearDown -->
  <testcase classname="testBase.BaseClass" name="@BeforeTest setUp" time="0.0">
    <ignored/>
  </testcase> <!-- @BeforeTest setUp -->
  <testcase classname="testBase.BaseClass" name="@AfterTest tearDown" time="0.0">
    <ignored/>
  </testcase> <!-- @AfterTest tearDown -->
  <testcase classname="testBase.BaseClass" name="@BeforeTest setUp" time="0.0">
    <ignored/>
  </testcase> <!-- @BeforeTest setUp -->
  <testcase classname="testBase.BaseClass" name="@AfterTest tearDown" time="0.0">
    <ignored/>
  </testcase> <!-- @AfterTest tearDown -->
  <testcase classname="testBase.BaseClass" name="@BeforeTest setUp" time="0.0">
    <ignored/>
  </testcase> <!-- @BeforeTest setUp -->
  <testcase classname="testBase.BaseClass" name="@AfterTest tearDown" time="0.0">
    <ignored/>
  </testcase> <!-- @AfterTest tearDown -->
  <testcase classname="testBase.BaseClass" name="@AfterTest tearDown" time="0.0">
    <ignored/>
  </testcase> <!-- @AfterTest tearDown -->
  <testcase classname="testBase.BaseClass" name="@AfterTest tearDown" time="0.0">
    <ignored/>
  </testcase> <!-- @AfterTest tearDown -->
  <testcase classname="testBase.BaseClass" name="@BeforeTest setUp" time="0.0">
    <ignored/>
  </testcase> <!-- @BeforeTest setUp -->
  <testcase classname="testBase.BaseClass" name="@AfterTest tearDown" time="0.0">
    <ignored/>
  </testcase> <!-- @AfterTest tearDown -->
  <testcase classname="testBase.BaseClass" name="@AfterTest tearDown" time="0.0">
    <ignored/>
  </testcase> <!-- @AfterTest tearDown -->
  <testcase classname="testBase.BaseClass" name="@AfterTest tearDown" time="0.0">
    <ignored/>
  </testcase> <!-- @AfterTest tearDown -->
  <testcase classname="testBase.BaseClass" name="@AfterTest tearDown" time="0.0">
    <ignored/>
  </testcase> <!-- @AfterTest tearDown -->
  <testcase classname="testBase.BaseClass" name="@AfterTest tearDown" time="0.0">
    <ignored/>
  </testcase> <!-- @AfterTest tearDown -->
  <testcase classname="testBase.BaseClass" name="@BeforeTest setUp" time="0.0">
    <ignored/>
  </testcase> <!-- @BeforeTest setUp -->
  <testcase classname="testBase.BaseClass" name="@BeforeTest setUp" time="0.0">
    <ignored/>
  </testcase> <!-- @BeforeTest setUp -->
  <testcase classname="testBase.BaseClass" name="@BeforeTest setUp" time="0.0">
    <ignored/>
  </testcase> <!-- @BeforeTest setUp -->
  <testcase classname="testBase.BaseClass" name="@AfterTest tearDown" time="0.0">
    <ignored/>
  </testcase> <!-- @AfterTest tearDown -->
  <testcase classname="testBase.BaseClass" name="@BeforeTest setUp" time="0.0">
    <ignored/>
  </testcase> <!-- @BeforeTest setUp -->
  <testcase classname="testBase.BaseClass" name="@BeforeTest setUp" time="0.0">
    <ignored/>
  </testcase> <!-- @BeforeTest setUp -->
  <testcase classname="testBase.BaseClass" name="@AfterTest tearDown" time="0.0">
    <ignored/>
  </testcase> <!-- @AfterTest tearDown -->
  <testcase classname="testBase.BaseClass" name="@BeforeTest setUp" time="0.0">
    <ignored/>
  </testcase> <!-- @BeforeTest setUp -->
  <testcase classname="testBase.BaseClass" name="@BeforeTest setUp" time="0.0">
    <ignored/>
  </testcase> <!-- @BeforeTest setUp -->
  <testcase classname="testBase.BaseClass" name="@BeforeTest setUp" time="0.0">
    <ignored/>
  </testcase> <!-- @BeforeTest setUp -->
  <testcase classname="testBase.BaseClass" name="@AfterTest tearDown" time="0.0">
    <ignored/>
  </testcase> <!-- @AfterTest tearDown -->
  <testcase classname="testBase.BaseClass" name="@BeforeTest setUp" time="0.0">
    <ignored/>
  </testcase> <!-- @BeforeTest setUp -->
  <testcase classname="testBase.BaseClass" name="@BeforeTest setUp" time="0.0">
    <ignored/>
  </testcase> <!-- @BeforeTest setUp -->
  <testcase classname="testBase.BaseClass" name="@BeforeTest setUp" time="0.0">
    <ignored/>
  </testcase> <!-- @BeforeTest setUp -->
  <testcase classname="testBase.BaseClass" name="@BeforeTest setUp" time="0.0">
    <ignored/>
  </testcase> <!-- @BeforeTest setUp -->
  <testcase classname="testBase.BaseClass" name="@AfterTest tearDown" time="0.0">
    <ignored/>
  </testcase> <!-- @AfterTest tearDown -->
  <testcase classname="testBase.BaseClass" name="@AfterTest tearDown" time="0.0">
    <ignored/>
  </testcase> <!-- @AfterTest tearDown -->
  <testcase classname="testBase.BaseClass" name="@BeforeTest setUp" time="0.0">
    <ignored/>
  </testcase> <!-- @BeforeTest setUp -->
  <testcase classname="testBase.BaseClass" name="@AfterTest tearDown" time="0.0">
    <ignored/>
  </testcase> <!-- @AfterTest tearDown -->
  <testcase classname="testBase.BaseClass" name="@AfterTest tearDown" time="0.0">
    <ignored/>
  </testcase> <!-- @AfterTest tearDown -->
  <testcase classname="testBase.BaseClass" name="@BeforeTest setUp" time="0.0">
    <ignored/>
  </testcase> <!-- @BeforeTest setUp -->
  <testcase classname="testBase.BaseClass" name="@AfterTest tearDown" time="0.0">
    <ignored/>
  </testcase> <!-- @AfterTest tearDown -->
  <testcase classname="testBase.BaseClass" name="@BeforeTest setUp" time="0.0">
    <ignored/>
  </testcase> <!-- @BeforeTest setUp -->
  <testcase classname="testBase.BaseClass" name="@BeforeTest setUp" time="0.0">
    <ignored/>
  </testcase> <!-- @BeforeTest setUp -->
  <testcase classname="testBase.BaseClass" name="@BeforeTest setUp" time="0.0">
    <ignored/>
  </testcase> <!-- @BeforeTest setUp -->
  <testcase classname="testBase.BaseClass" name="@AfterTest tearDown" time="0.0">
    <ignored/>
  </testcase> <!-- @AfterTest tearDown -->
  <testcase classname="testBase.BaseClass" name="@BeforeTest setUp" time="0.0">
    <ignored/>
  </testcase> <!-- @BeforeTest setUp -->
  <testcase classname="testBase.BaseClass" name="@BeforeTest setUp" time="0.0">
    <ignored/>
  </testcase> <!-- @BeforeTest setUp -->
  <testcase classname="testBase.BaseClass" name="@AfterTest tearDown" time="0.0">
    <ignored/>
  </testcase> <!-- @AfterTest tearDown -->
  <testcase classname="testBase.BaseClass" name="@BeforeTest setUp" time="0.0">
    <ignored/>
  </testcase> <!-- @BeforeTest setUp -->
  <testcase classname="testBase.BaseClass" name="@AfterTest tearDown" time="0.0">
    <ignored/>
  </testcase> <!-- @AfterTest tearDown -->
  <testcase classname="testBase.BaseClass" name="@AfterTest tearDown" time="0.0">
    <ignored/>
  </testcase> <!-- @AfterTest tearDown -->
  <testcase classname="testBase.BaseClass" name="@BeforeTest setUp" time="0.0">
    <ignored/>
  </testcase> <!-- @BeforeTest setUp -->
  <testcase classname="testBase.BaseClass" name="@BeforeTest setUp" time="0.0">
    <ignored/>
  </testcase> <!-- @BeforeTest setUp -->
  <testcase classname="testBase.BaseClass" name="@AfterTest tearDown" time="0.0">
    <ignored/>
  </testcase> <!-- @AfterTest tearDown -->
  <testcase classname="testBase.BaseClass" name="@AfterTest tearDown" time="0.0">
    <ignored/>
  </testcase> <!-- @AfterTest tearDown -->
  <testcase classname="testBase.BaseClass" name="@AfterTest tearDown" time="0.0">
    <ignored/>
  </testcase> <!-- @AfterTest tearDown -->
  <testcase classname="testBase.BaseClass" name="@AfterTest tearDown" time="0.0">
    <ignored/>
  </testcase> <!-- @AfterTest tearDown -->
  <testcase classname="testBase.BaseClass" name="@BeforeTest setUp" time="0.0">
    <ignored/>
  </testcase> <!-- @BeforeTest setUp -->
  <testcase classname="testBase.BaseClass" name="@BeforeTest setUp" time="0.0">
    <ignored/>
  </testcase> <!-- @BeforeTest setUp -->
  <testcase classname="testBase.BaseClass" name="@AfterTest tearDown" time="0.0">
    <ignored/>
  </testcase> <!-- @AfterTest tearDown -->
  <testcase classname="testBase.BaseClass" name="@AfterTest tearDown" time="0.0">
    <ignored/>
  </testcase> <!-- @AfterTest tearDown -->
</testsuite> <!-- Test -->
